TN:
SF:src/SecretStore.sol
FN:131,SecretStore.registerSecret
FNDA:42838,SecretStore.registerSecret
DA:139,42837
DA:140,42837
BRDA:140,0,0,1
BRDA:140,0,1,42836
DA:141,42836
BRDA:141,1,0,150
BRDA:141,1,1,42686
DA:142,42686
BRDA:142,2,0,131
BRDA:142,2,1,42555
DA:143,42555
BRDA:143,3,0,14
BRDA:143,3,1,42541
DA:146,42541
DA:156,42541
DA:159,42541
DA:164,42541
DA:170,42541
BRDA:170,4,0,41760
BRDA:170,4,1,781
DA:171,781
BRDA:171,5,0,1
BRDA:171,5,1,780
DA:174,780
DA:181,780
FN:197,SecretStore.revealSecret
FNDA:43249,SecretStore.revealSecret
DA:203,43248
DA:205,43248
BRDA:205,6,0,42729
BRDA:205,6,1,519
DA:206,519
BRDA:206,7,0,1
BRDA:206,7,1,518
DA:210,518
BRDA:210,8,0,258
BRDA:210,8,1,260
DA:216,260
DA:218,260
DA:224,260
FN:234,SecretStore.DOMAIN_SEPARATOR
FNDA:782,SecretStore.DOMAIN_SEPARATOR
DA:235,782
FN:242,SecretStore.getChainId
FNDA:0,SecretStore.getChainId
DA:243,0
FN:255,SecretStore.DOMAIN_SEPARATOR_OLD
FNDA:0,SecretStore.DOMAIN_SEPARATOR_OLD
DA:256,0
FN:264,SecretStore._hashTypedDataV4
FNDA:42541,SecretStore._hashTypedDataV4
DA:269,42541
DA:270,42541
FN:278,SecretStore._computeDomainSeparator
FNDA:30,SecretStore._computeDomainSeparator
DA:279,30
DA:280,30
FN:297,SecretStore.pause
FNDA:42810,SecretStore.pause
DA:298,3
FN:305,SecretStore.unpause
FNDA:42427,SecretStore.unpause
DA:306,2
FN:313,SecretStore._authorizeUpgrade
FNDA:5,SecretStore._authorizeUpgrade
DA:318,3
BRDA:318,9,0,1
BRDA:318,9,1,2
FN:325,SecretStore.proxiableUUID
FNDA:2,SecretStore.proxiableUUID
DA:326,2
FN:332,SecretStore.
FNDA:30,SecretStore.
DA:333,30
DA:334,30
DA:335,30
FN:343,SecretStore.initialize
FNDA:43194,SecretStore.initialize
DA:344,28
DA:345,28
DA:346,28
DA:347,28
DA:349,28
DA:350,28
DA:351,28
FNF:13
FNH:11
LF:41
LH:39
BRF:20
BRH:20
end_of_record
