TN:
SF:script/DemoSecretStore.s.sol
FN:20,DemoSecretStore.setUp
FNDA:0,DemoSecretStore.setUp
DA:22,0
DA:23,0
DA:25,0
DA:27,0
DA:30,0
DA:34,0
DA:37,0
DA:40,0
DA:41,0
DA:42,0
DA:43,0
DA:44,0
FN:47,DemoSecretStore.run
FNDA:0,DemoSecretStore.run
DA:49,0
DA:51,0
DA:52,0
DA:54,0
DA:55,0
DA:56,0
DA:57,0
DA:60,0
DA:69,0
DA:72,0
DA:73,0
DA:74,0
DA:76,0
DA:77,0
DA:78,0
DA:81,0
DA:82,0
DA:83,0
DA:85,0
DA:86,0
DA:88,0
DA:89,0
DA:96,0
DA:99,0
BRDA:99,0,0,-
DA:101,0
DA:103,0
DA:105,0
DA:106,0
DA:107,0
DA:109,0
DA:110,0
DA:111,0
DA:112,0
FN:116,DemoSecretStore.getInputs
FNDA:0,DemoSecretStore.getInputs
DA:117,0
DA:118,0
DA:119,0
BRDA:119,1,0,-
BRDA:119,1,1,-
DA:120,0
BRDA:120,2,0,-
BRDA:120,2,1,-
FN:127,DemoSecretStore._hashTypedDataV4
FNDA:0,DemoSecretStore._hashTypedDataV4
DA:128,0
FN:131,DemoSecretStore._domainSeparatorV4
FNDA:0,DemoSecretStore._domainSeparatorV4
DA:132,0
FN:143,DemoSecretStore._sign
FNDA:0,DemoSecretStore._sign
DA:144,0
DA:145,0
FNF:6
FNH:0
LF:53
LH:0
BRF:5
BRH:0
end_of_record
TN:
SF:script/Deploy.s.sol
FN:39,Deploy.run
FNDA:0,Deploy.run
DA:41,0
DA:43,0
DA:44,0
DA:45,0
DA:46,0
DA:47,0
DA:48,0
DA:50,0
DA:53,0
DA:54,0
DA:57,0
DA:63,0
DA:67,0
DA:70,0
DA:73,0
DA:76,0
DA:78,0
DA:80,0
DA:81,0
DA:82,0
DA:83,0
DA:84,0
FN:95,Deploy._setupRoles
FNDA:0,Deploy._setupRoles
DA:97,0
DA:98,0
DA:99,0
DA:100,0
DA:103,0
DA:104,0
DA:105,0
DA:106,0
FN:121,Deploy._verifyRoles
FNDA:0,Deploy._verifyRoles
DA:122,0
DA:123,0
DA:126,0
DA:127,0
DA:128,0
DA:130,0
BRDA:130,0,0,-
BRDA:130,0,1,-
DA:131,0
DA:134,0
DA:135,0
DA:136,0
DA:138,0
BRDA:138,1,0,-
BRDA:138,1,1,-
DA:139,0
DA:142,0
DA:143,0
DA:144,0
DA:146,0
BRDA:146,2,0,-
BRDA:146,2,1,-
DA:147,0
DA:149,0
DA:150,0
FN:172,Deploy._getConfig
FNDA:0,Deploy._getConfig
DA:173,0
BRDA:173,3,0,-
BRDA:173,3,1,-
DA:178,0
DA:179,0
DA:180,0
DA:183,0
DA:184,0
DA:185,0
DA:186,0
BRDA:186,4,0,-
BRDA:186,4,1,-
FNF:4
FNH:0
LF:57
LH:0
BRF:10
BRH:0
end_of_record
TN:
SF:script/EmergencyControls.s.sol
FN:59,EmergencyControls.pause
FNDA:0,EmergencyControls.pause
DA:60,0
BRDA:60,0,0,-
BRDA:60,0,1,-
DA:63,0
DA:65,0
DA:67,0
DA:68,0
DA:69,0
FN:83,EmergencyControls.unpause
FNDA:0,EmergencyControls.unpause
DA:84,0
BRDA:84,1,0,-
BRDA:84,1,1,-
DA:87,0
DA:89,0
DA:91,0
DA:92,0
DA:93,0
FN:107,EmergencyControls.run
FNDA:0,EmergencyControls.run
DA:109,0
DA:112,0
DA:114,0
BRDA:114,2,0,-
BRDA:114,2,1,-
DA:115,0
DA:116,0
BRDA:116,3,0,-
BRDA:116,3,1,-
DA:117,0
DA:119,0
FNF:3
FNH:0
LF:19
LH:0
BRF:8
BRH:0
end_of_record
TN:
SF:script/ManageRoles.s.sol
FN:39,ManageRoles.run
FNDA:0,ManageRoles.run
DA:41,0
DA:43,0
DA:44,0
DA:45,0
DA:46,0
DA:47,0
DA:48,0
DA:49,0
DA:50,0
DA:51,0
DA:54,0
DA:57,0
DA:59,0
BRDA:59,0,0,-
BRDA:59,0,1,-
DA:60,0
DA:61,0
DA:63,0
DA:64,0
DA:67,0
FN:70,ManageRoles._getConfig
FNDA:0,ManageRoles._getConfig
DA:72,0
DA:74,0
BRDA:74,1,0,-
BRDA:74,1,1,-
DA:77,0
DA:80,0
DA:81,0
DA:84,0
DA:85,0
DA:88,0
DA:89,0
DA:92,0
DA:93,0
DA:94,0
DA:95,0
DA:96,0
FN:100,ManageRoles._parseRole
FNDA:0,ManageRoles._parseRole
DA:101,0
DA:103,0
BRDA:103,2,0,-
BRDA:103,2,1,-
DA:104,0
DA:105,0
BRDA:105,3,0,-
BRDA:105,3,1,-
DA:106,0
DA:107,0
BRDA:107,4,0,-
BRDA:107,4,1,-
DA:108,0
DA:110,0
FN:114,ManageRoles._parseAction
FNDA:0,ManageRoles._parseAction
DA:115,0
BRDA:115,5,0,-
BRDA:115,5,1,-
DA:116,0
DA:117,0
BRDA:117,6,0,-
BRDA:117,6,1,-
DA:118,0
DA:120,0
FNF:4
FNH:0
LF:45
LH:0
BRF:14
BRH:0
end_of_record
TN:
SF:script/VerifyRoles.s.sol
FN:31,VerifyRoles.run
FNDA:0,VerifyRoles.run
DA:32,0
DA:33,0
FN:43,VerifyRoles.verify
FNDA:0,VerifyRoles.verify
DA:44,0
DA:45,0
DA:47,0
DA:48,0
DA:49,0
DA:52,0
DA:53,0
DA:54,0
DA:56,0
DA:57,0
DA:58,0
DA:59,0
DA:62,0
DA:63,0
DA:64,0
DA:65,0
DA:67,0
DA:68,0
DA:69,0
DA:70,0
DA:73,0
DA:74,0
DA:75,0
DA:77,0
DA:78,0
DA:79,0
DA:80,0
DA:83,0
BRDA:83,0,0,-
BRDA:83,0,1,-
DA:87,0
BRDA:87,1,0,-
BRDA:87,1,1,-
DA:91,0
BRDA:91,2,0,-
BRDA:91,2,1,-
DA:96,0
FNF:2
FNH:0
LF:33
LH:0
BRF:6
BRH:0
end_of_record
TN:
SF:src/SecretStore.sol
FN:140,SecretStore.
FNDA:39,SecretStore.
DA:141,39
FN:153,SecretStore.initialize
FNDA:42787,SecretStore.initialize
DA:154,37
BRDA:154,0,0,1
BRDA:154,0,1,36
DA:156,36
DA:157,36
DA:158,36
DA:159,36
DA:161,36
DA:162,36
DA:163,36
DA:166,36
DA:167,36
FN:181,SecretStore.registerSecret
FNDA:43531,SecretStore.registerSecret
DA:189,43530
DA:190,43530
BRDA:190,1,0,1
BRDA:190,1,1,43529
DA:191,43529
BRDA:191,2,0,125
BRDA:191,2,1,43404
DA:192,43404
BRDA:192,3,0,169
BRDA:192,3,1,43235
DA:193,43235
BRDA:193,4,0,6
BRDA:193,4,1,43229
DA:196,43229
DA:206,43229
DA:210,43229
DA:215,43229
DA:221,43229
BRDA:221,5,0,42442
BRDA:221,5,1,787
DA:222,787
BRDA:222,6,0,1
BRDA:222,6,1,786
DA:225,786
DA:232,786
FN:248,SecretStore.revealSecret
FNDA:43788,SecretStore.revealSecret
DA:254,43787
DA:256,43787
BRDA:256,7,0,43263
BRDA:256,7,1,524
DA:257,524
BRDA:257,8,0,1
BRDA:257,8,1,523
DA:261,523
BRDA:261,9,0,258
BRDA:261,9,1,265
DA:267,265
DA:269,265
DA:275,265
FN:285,SecretStore.DOMAIN_SEPARATOR
FNDA:783,SecretStore.DOMAIN_SEPARATOR
DA:286,783
FN:300,SecretStore.proxiableUUID
FNDA:2,SecretStore.proxiableUUID
DA:301,2
FN:308,SecretStore.pause
FNDA:42618,SecretStore.pause
DA:309,5
DA:310,5
FN:317,SecretStore.unpause
FNDA:42789,SecretStore.unpause
DA:318,3
DA:319,3
FN:338,SecretStore._authorizeUpgrade
FNDA:5,SecretStore._authorizeUpgrade
DA:343,3
BRDA:343,10,0,1
BRDA:343,10,1,2
FN:351,SecretStore._hashTypedDataV4
FNDA:43229,SecretStore._hashTypedDataV4
DA:356,43229
DA:357,43229
FN:365,SecretStore._computeDomainSeparator
FNDA:36,SecretStore._computeDomainSeparator
DA:366,36
DA:367,36
FNF:11
FNH:11
LF:42
LH:42
BRF:22
BRH:22
end_of_record
